d:\stack\saxion\q2.3\thirdperson\projectgit\mge_v18_student_version\_vs2015\release_static_build\vc141.pdb
d:\stack\saxion\q2.3\thirdperson\projectgit\mge_v18_student_version\_vs2015\release_static_build\rendertotexturematerial.obj
d:\stack\saxion\q2.3\thirdperson\projectgit\mge_v18_student_version\_vs2015\release_static_build\littexturematerial.obj
d:\stack\saxion\q2.3\thirdperson\projectgit\mge_v18_student_version\_vs2015\release_static_build\litmaterial.obj
d:\stack\saxion\q2.3\thirdperson\projectgit\mge_v18_student_version\_vs2015\release_static_build\colormaterial.obj
d:\stack\saxion\q2.3\thirdperson\projectgit\mge_v18_student_version\_vs2015\release_static_build\abstractmaterial.obj
d:\stack\saxion\q2.3\thirdperson\projectgit\mge_v18_student_version\_vs2015\release_static_build\world.obj
d:\stack\saxion\q2.3\thirdperson\projectgit\mge_v18_student_version\_vs2015\release_static_build\texture.obj
d:\stack\saxion\q2.3\thirdperson\projectgit\mge_v18_student_version\_vs2015\release_static_build\shaderprogram.obj
d:\stack\saxion\q2.3\thirdperson\projectgit\mge_v18_student_version\_vs2015\release_static_build\renderer.obj
d:\stack\saxion\q2.3\thirdperson\projectgit\mge_v18_student_version\_vs2015\release_static_build\mesh.obj
d:\stack\saxion\q2.3\thirdperson\projectgit\mge_v18_student_version\_vs2015\release_static_build\light.obj
d:\stack\saxion\q2.3\thirdperson\projectgit\mge_v18_student_version\_vs2015\release_static_build\gameobject.obj
d:\stack\saxion\q2.3\thirdperson\projectgit\mge_v18_student_version\_vs2015\release_static_build\camera.obj
d:\stack\saxion\q2.3\thirdperson\projectgit\mge_v18_student_version\_vs2015\release_static_build\abstractgame.obj
d:\stack\saxion\q2.3\thirdperson\projectgit\mge_v18_student_version\_vs2015\release_static_build\rotatingbehaviour.obj
d:\stack\saxion\q2.3\thirdperson\projectgit\mge_v18_student_version\_vs2015\release_static_build\mouserotatingbehaviour.obj
d:\stack\saxion\q2.3\thirdperson\projectgit\mge_v18_student_version\_vs2015\release_static_build\keysbehaviour.obj
d:\stack\saxion\q2.3\thirdperson\projectgit\mge_v18_student_version\_vs2015\release_static_build\cameramovementbehaviour.obj
d:\stack\saxion\q2.3\thirdperson\projectgit\mge_v18_student_version\_vs2015\release_static_build\abstractbehaviour.obj
d:\stack\saxion\q2.3\thirdperson\projectgit\mge_v18_student_version\_vs2015\release_static_build\main.obj
d:\stack\saxion\q2.3\thirdperson\projectgit\mge_v18_student_version\_vs2015\release_static_build\ray.obj
d:\stack\saxion\q2.3\thirdperson\projectgit\mge_v18_student_version\_vs2015\release_static_build\uitexture.obj
d:\stack\saxion\q2.3\thirdperson\projectgit\mge_v18_student_version\_vs2015\release_static_build\tperson.obj
d:\stack\saxion\q2.3\thirdperson\projectgit\mge_v18_student_version\_vs2015\release_static_build\room.obj
d:\stack\saxion\q2.3\thirdperson\projectgit\mge_v18_student_version\_vs2015\release_static_build\puzzle.obj
d:\stack\saxion\q2.3\thirdperson\projectgit\mge_v18_student_version\_vs2015\release_static_build\showhintbutton.obj
d:\stack\saxion\q2.3\thirdperson\projectgit\mge_v18_student_version\_vs2015\release_static_build\returntomenubutton.obj
d:\stack\saxion\q2.3\thirdperson\projectgit\mge_v18_student_version\_vs2015\release_static_build\resumegamebutton.obj
d:\stack\saxion\q2.3\thirdperson\projectgit\mge_v18_student_version\_vs2015\release_static_build\restartgamebutton.obj
d:\stack\saxion\q2.3\thirdperson\projectgit\mge_v18_student_version\_vs2015\release_static_build\quitgamebutton.obj
d:\stack\saxion\q2.3\thirdperson\projectgit\mge_v18_student_version\_vs2015\release_static_build\nextlevelbutton.obj
d:\stack\saxion\q2.3\thirdperson\projectgit\mge_v18_student_version\_vs2015\release_static_build\newgamebutton.obj
d:\stack\saxion\q2.3\thirdperson\projectgit\mge_v18_student_version\_vs2015\release_static_build\menubutton.obj
d:\stack\saxion\q2.3\thirdperson\projectgit\mge_v18_student_version\_vs2015\release_static_build\loadlevelbutton.obj
d:\stack\saxion\q2.3\thirdperson\projectgit\mge_v18_student_version\_vs2015\release_static_build\levelselectbutton.obj
d:\stack\saxion\q2.3\thirdperson\projectgit\mge_v18_student_version\_vs2015\release_static_build\continuebutton.obj
d:\stack\saxion\q2.3\thirdperson\projectgit\mge_v18_student_version\_vs2015\release_static_build\backtomainbutton.obj
d:\stack\saxion\q2.3\thirdperson\projectgit\mge_v18_student_version\_vs2015\release_static_build\audio.obj
d:\stack\saxion\q2.3\thirdperson\projectgit\mge_v18_student_version\_vs2015\release_static_build\debughud.obj
d:\stack\saxion\q2.3\thirdperson\projectgit\mge_v18_student_version\_vs2015\release_static_build\texturematerial.obj
d:\stack\saxion\q2.3\thirdperson\projectgit\mge_v18_student_version\_vs2015\release_static_build\userinterface.obj
d:\stack\saxion\q2.3\thirdperson\projectgit\mge_v18_student_version\_vs2015\release_static_build\timer.obj
d:\stack\saxion\q2.3\thirdperson\projectgit\mge_v18_student_version\_vs2015\release_static_build\rendertotexture.obj
d:\stack\saxion\q2.3\thirdperson\projectgit\mge_v18_student_version\_vs2015\release_static_build\mge.tlog\cl.command.1.tlog
d:\stack\saxion\q2.3\thirdperson\projectgit\mge_v18_student_version\_vs2015\release_static_build\mge.tlog\cl.read.1.tlog
d:\stack\saxion\q2.3\thirdperson\projectgit\mge_v18_student_version\_vs2015\release_static_build\mge.tlog\cl.write.1.tlog
d:\stack\saxion\q2.3\thirdperson\projectgit\mge_v18_student_version\_vs2015\release_static_build\mge.tlog\link.command.1.tlog
d:\stack\saxion\q2.3\thirdperson\projectgit\mge_v18_student_version\_vs2015\release_static_build\mge.tlog\link.read.1.tlog
d:\stack\saxion\q2.3\thirdperson\projectgit\mge_v18_student_version\_vs2015\release_static_build\mge.tlog\link.write.1.tlog
