  main.cpp
c:\mycourses\2ndyear\3rdpersonproject\mge_v18_student_version\src\thirdperson\room.hpp(10): fatal error C1083: Cannot open include file: 'lua.hpp': No such file or directory
  AbstractBehaviour.cpp
  KeysBehaviour.cpp
  MouseRotatingBehaviour.cpp
c:\mycourses\2ndyear\3rdpersonproject\mge_v18_student_version\src\thirdperson\room.hpp(10): fatal error C1083: Cannot open include file: 'lua.hpp': No such file or directory
  RotatingBehaviour.cpp
  AbstractGame.cpp
  Camera.cpp
  GameObject.cpp
  Light.cpp
  Mesh.cpp
  Renderer.cpp
  ShaderProgram.cpp
  Texture.cpp
  World.cpp
  AbstractMaterial.cpp
  ColorMaterial.cpp
  LitMaterial.cpp
c:\mycourses\2ndyear\3rdpersonproject\mge_v18_student_version\src\mge\materials\litmaterial.cpp(102): warning C4018: '<': signed/unsigned mismatch
  LitTextureMaterial.cpp
c:\mycourses\2ndyear\3rdpersonproject\mge_v18_student_version\src\mge\materials\littexturematerial.cpp(85): warning C4018: '<': signed/unsigned mismatch
  RenderToTextureMaterial.cpp
c:\mycourses\2ndyear\3rdpersonproject\mge_v18_student_version\src\mge\materials\rendertotexturematerial.cpp(86): warning C4018: '<': signed/unsigned mismatch
  TextureMaterial.cpp
  Generating Code...
  Compiling...
  DebugHud.cpp
  Ray.cpp
  RenderToTexture.cpp
  Room.cpp
c:\mycourses\2ndyear\3rdpersonproject\mge_v18_student_version\src\thirdperson\room.hpp(10): fatal error C1083: Cannot open include file: 'lua.hpp': No such file or directory
  Timer.cpp
  TPerson.cpp
c:\mycourses\2ndyear\3rdpersonproject\mge_v18_student_version\src\thirdperson\room.hpp(10): fatal error C1083: Cannot open include file: 'lua.hpp': No such file or directory
  Generating Code...
