d:\stack\saxion\q2.3\thirdperson\projectgit\mge_v18_student_version\_vs2015\debug_dynamic_build\vc141.pdb
d:\stack\saxion\q2.3\thirdperson\projectgit\mge_v18_student_version\_vs2015\debug_dynamic_build\vc141.idb
d:\stack\saxion\q2.3\thirdperson\projectgit\mge_v18_student_version\_vs2015\debug_dynamic_build\texturematerial.obj
d:\stack\saxion\q2.3\thirdperson\projectgit\mge_v18_student_version\_vs2015\debug_dynamic_build\rendertotexturematerial.obj
d:\stack\saxion\q2.3\thirdperson\projectgit\mge_v18_student_version\_vs2015\debug_dynamic_build\littexturematerial.obj
d:\stack\saxion\q2.3\thirdperson\projectgit\mge_v18_student_version\_vs2015\debug_dynamic_build\litmaterial.obj
d:\stack\saxion\q2.3\thirdperson\projectgit\mge_v18_student_version\_vs2015\debug_dynamic_build\colormaterial.obj
d:\stack\saxion\q2.3\thirdperson\projectgit\mge_v18_student_version\_vs2015\debug_dynamic_build\abstractmaterial.obj
d:\stack\saxion\q2.3\thirdperson\projectgit\mge_v18_student_version\_vs2015\debug_dynamic_build\world.obj
d:\stack\saxion\q2.3\thirdperson\projectgit\mge_v18_student_version\_vs2015\debug_dynamic_build\texture.obj
d:\stack\saxion\q2.3\thirdperson\projectgit\mge_v18_student_version\_vs2015\debug_dynamic_build\shaderprogram.obj
d:\stack\saxion\q2.3\thirdperson\projectgit\mge_v18_student_version\_vs2015\debug_dynamic_build\renderer.obj
d:\stack\saxion\q2.3\thirdperson\projectgit\mge_v18_student_version\_vs2015\debug_dynamic_build\mesh.obj
d:\stack\saxion\q2.3\thirdperson\projectgit\mge_v18_student_version\_vs2015\debug_dynamic_build\light.obj
d:\stack\saxion\q2.3\thirdperson\projectgit\mge_v18_student_version\_vs2015\debug_dynamic_build\gameobject.obj
d:\stack\saxion\q2.3\thirdperson\projectgit\mge_v18_student_version\_vs2015\debug_dynamic_build\camera.obj
d:\stack\saxion\q2.3\thirdperson\projectgit\mge_v18_student_version\_vs2015\debug_dynamic_build\abstractgame.obj
d:\stack\saxion\q2.3\thirdperson\projectgit\mge_v18_student_version\_vs2015\debug_dynamic_build\rotatingbehaviour.obj
d:\stack\saxion\q2.3\thirdperson\projectgit\mge_v18_student_version\_vs2015\debug_dynamic_build\mouserotatingbehaviour.obj
d:\stack\saxion\q2.3\thirdperson\projectgit\mge_v18_student_version\_vs2015\debug_dynamic_build\keysbehaviour.obj
d:\stack\saxion\q2.3\thirdperson\projectgit\mge_v18_student_version\_vs2015\debug_dynamic_build\abstractbehaviour.obj
d:\stack\saxion\q2.3\thirdperson\projectgit\mge_v18_student_version\_vs2015\debug_dynamic_build\main.obj
d:\stack\saxion\q2.3\thirdperson\projectgit\mge_v18_student_version\_vs2015\debug_dynamic_build\tperson.obj
d:\stack\saxion\q2.3\thirdperson\projectgit\mge_v18_student_version\_vs2015\debug_dynamic_build\timer.obj
d:\stack\saxion\q2.3\thirdperson\projectgit\mge_v18_student_version\_vs2015\debug_dynamic_build\room.obj
d:\stack\saxion\q2.3\thirdperson\projectgit\mge_v18_student_version\_vs2015\debug_dynamic_build\rendertotexture.obj
d:\stack\saxion\q2.3\thirdperson\projectgit\mge_v18_student_version\_vs2015\debug_dynamic_build\ray.obj
d:\stack\saxion\q2.3\thirdperson\projectgit\mge_v18_student_version\_vs2015\debug_dynamic_build\uitexture.obj
d:\stack\saxion\q2.3\thirdperson\projectgit\mge_v18_student_version\_vs2015\debug_dynamic_build\puzzle.obj
d:\stack\saxion\q2.3\thirdperson\projectgit\mge_v18_student_version\_vs2015\debug_dynamic_build\returntomenubutton.obj
d:\stack\saxion\q2.3\thirdperson\projectgit\mge_v18_student_version\_vs2015\debug_dynamic_build\resumegamebutton.obj
d:\stack\saxion\q2.3\thirdperson\projectgit\mge_v18_student_version\_vs2015\debug_dynamic_build\restartgamebutton.obj
d:\stack\saxion\q2.3\thirdperson\projectgit\mge_v18_student_version\_vs2015\debug_dynamic_build\quitgamebutton.obj
d:\stack\saxion\q2.3\thirdperson\projectgit\mge_v18_student_version\_vs2015\debug_dynamic_build\nextlevelbutton.obj
d:\stack\saxion\q2.3\thirdperson\projectgit\mge_v18_student_version\_vs2015\debug_dynamic_build\newgamebutton.obj
d:\stack\saxion\q2.3\thirdperson\projectgit\mge_v18_student_version\_vs2015\debug_dynamic_build\menubutton.obj
d:\stack\saxion\q2.3\thirdperson\projectgit\mge_v18_student_version\_vs2015\debug_dynamic_build\loadlevelbutton.obj
d:\stack\saxion\q2.3\thirdperson\projectgit\mge_v18_student_version\_vs2015\debug_dynamic_build\levelselectbutton.obj
d:\stack\saxion\q2.3\thirdperson\projectgit\mge_v18_student_version\_vs2015\debug_dynamic_build\continuebutton.obj
d:\stack\saxion\q2.3\thirdperson\projectgit\mge_v18_student_version\_vs2015\debug_dynamic_build\backtomainbutton.obj
d:\stack\saxion\q2.3\thirdperson\projectgit\mge_v18_student_version\_vs2015\debug_dynamic_build\audio.obj
d:\stack\saxion\q2.3\thirdperson\projectgit\mge_v18_student_version\_vs2015\debug_dynamic_build\debughud.obj
<<<<<<< HEAD
d:\stack\saxion\q2.3\thirdperson\projectgit\mge_v18_student_version\_vs2015\debug_dynamic_build\returntomenubutton.obj
d:\stack\saxion\q2.3\thirdperson\projectgit\mge_v18_student_version\_vs2015\debug_dynamic_build\resumegamebutton.obj
d:\stack\saxion\q2.3\thirdperson\projectgit\mge_v18_student_version\_vs2015\debug_dynamic_build\restartgamebutton.obj
c:\mycourses\2ndyear\3rdpersonproject\mge_v18_student_version\_vs2015\debug_dynamic_build\vc141.pdb
c:\mycourses\2ndyear\3rdpersonproject\mge_v18_student_version\_vs2015\debug_dynamic_build\vc141.idb
c:\mycourses\2ndyear\3rdpersonproject\mge_v18_student_version\_vs2015\debug_dynamic_build\texturematerial.obj
c:\mycourses\2ndyear\3rdpersonproject\mge_v18_student_version\_vs2015\debug_dynamic_build\rendertotexturematerial.obj
c:\mycourses\2ndyear\3rdpersonproject\mge_v18_student_version\_vs2015\debug_dynamic_build\littexturematerial.obj
c:\mycourses\2ndyear\3rdpersonproject\mge_v18_student_version\_vs2015\debug_dynamic_build\litmaterial.obj
c:\mycourses\2ndyear\3rdpersonproject\mge_v18_student_version\_vs2015\debug_dynamic_build\colormaterial.obj
c:\mycourses\2ndyear\3rdpersonproject\mge_v18_student_version\_vs2015\debug_dynamic_build\abstractmaterial.obj
c:\mycourses\2ndyear\3rdpersonproject\mge_v18_student_version\_vs2015\debug_dynamic_build\world.obj
c:\mycourses\2ndyear\3rdpersonproject\mge_v18_student_version\_vs2015\debug_dynamic_build\texture.obj
c:\mycourses\2ndyear\3rdpersonproject\mge_v18_student_version\_vs2015\debug_dynamic_build\shaderprogram.obj
c:\mycourses\2ndyear\3rdpersonproject\mge_v18_student_version\_vs2015\debug_dynamic_build\renderer.obj
c:\mycourses\2ndyear\3rdpersonproject\mge_v18_student_version\_vs2015\debug_dynamic_build\mesh.obj
c:\mycourses\2ndyear\3rdpersonproject\mge_v18_student_version\_vs2015\debug_dynamic_build\light.obj
c:\mycourses\2ndyear\3rdpersonproject\mge_v18_student_version\_vs2015\debug_dynamic_build\gameobject.obj
c:\mycourses\2ndyear\3rdpersonproject\mge_v18_student_version\_vs2015\debug_dynamic_build\camera.obj
c:\mycourses\2ndyear\3rdpersonproject\mge_v18_student_version\_vs2015\debug_dynamic_build\abstractgame.obj
c:\mycourses\2ndyear\3rdpersonproject\mge_v18_student_version\_vs2015\debug_dynamic_build\rotatingbehaviour.obj
c:\mycourses\2ndyear\3rdpersonproject\mge_v18_student_version\_vs2015\debug_dynamic_build\keysbehaviour.obj
c:\mycourses\2ndyear\3rdpersonproject\mge_v18_student_version\_vs2015\debug_dynamic_build\abstractbehaviour.obj
c:\mycourses\2ndyear\3rdpersonproject\mge_v18_student_version\_vs2015\debug_dynamic_build\timer.obj
c:\mycourses\2ndyear\3rdpersonproject\mge_v18_student_version\_vs2015\debug_dynamic_build\ray.obj
c:\mycourses\2ndyear\3rdpersonproject\mge_v18_student_version\_vs2015\debug_dynamic_build\uitexture.obj
c:\mycourses\2ndyear\3rdpersonproject\mge_v18_student_version\_vs2015\debug_dynamic_build\quitgamebutton.obj
c:\mycourses\2ndyear\3rdpersonproject\mge_v18_student_version\_vs2015\debug_dynamic_build\menubutton.obj
c:\mycourses\2ndyear\3rdpersonproject\mge_v18_student_version\_vs2015\debug_dynamic_build\levelselectbutton.obj
c:\mycourses\2ndyear\3rdpersonproject\mge_v18_student_version\_vs2015\debug_dynamic_build\audio.obj
c:\mycourses\2ndyear\3rdpersonproject\mge_v18_student_version\_vs2015\debug_dynamic_build\debughud.obj
c:\mycourses\2ndyear\3rdpersonproject\mge_v18_student_version\_vs2015\debug_dynamic_build\mouserotatingbehaviour.obj
c:\mycourses\2ndyear\3rdpersonproject\mge_v18_student_version\_vs2015\debug_dynamic_build\continuebutton.obj
c:\mycourses\2ndyear\3rdpersonproject\mge_v18_student_version\_vs2015\debug_dynamic_build\newgamebutton.obj
c:\mycourses\2ndyear\3rdpersonproject\mge_v18_student_version\_vs2015\debug_dynamic_build\restartgamebutton.obj
c:\mycourses\2ndyear\3rdpersonproject\mge_v18_student_version\_vs2015\debug_dynamic_build\rendertotexture.obj
c:\mycourses\2ndyear\3rdpersonproject\mge_v18_student_version\_vs2015\debug_dynamic_build\tperson.obj
d:\stack\saxion\q2.3\thirdperson\projectgit\mge_v18_student_version\_vs2015\debug_dynamic_exe\mge.ilk
d:\stack\saxion\q2.3\thirdperson\projectgit\mge_v18_student_version\_vs2015\debug_dynamic_exe\mge.exe
d:\stack\saxion\q2.3\thirdperson\projectgit\mge_v18_student_version\_vs2015\debug_dynamic_exe\mge.pdb
c:\mycourses\2ndyear\3rdpersonproject\mge_v18_student_version\_vs2015\debug_dynamic_build\main.obj
c:\mycourses\2ndyear\3rdpersonproject\mge_v18_student_version\_vs2015\debug_dynamic_build\puzzle.obj
c:\mycourses\2ndyear\3rdpersonproject\mge_v18_student_version\_vs2015\debug_dynamic_build\resumegamebutton.obj
c:\mycourses\2ndyear\3rdpersonproject\mge_v18_student_version\_vs2015\debug_dynamic_build\returntomenubutton.obj
c:\mycourses\2ndyear\3rdpersonproject\mge_v18_student_version\_vs2015\debug_dynamic_build\room.obj
c:\mycourses\2ndyear\3rdpersonproject\mge_v18_student_version\_vs2015\debug_dynamic_build\userinterface.obj
c:\mycourses\2ndyear\3rdpersonproject\mge_v18_student_version\_vs2015\debug_dynamic_exe/mge.exe
c:\mycourses\2ndyear\3rdpersonproject\mge_v18_student_version\_vs2015\debug_dynamic_build\mge.tlog\cl.command.1.tlog
c:\mycourses\2ndyear\3rdpersonproject\mge_v18_student_version\_vs2015\debug_dynamic_build\mge.tlog\cl.read.1.tlog
c:\mycourses\2ndyear\3rdpersonproject\mge_v18_student_version\_vs2015\debug_dynamic_build\mge.tlog\cl.write.1.tlog
c:\mycourses\2ndyear\3rdpersonproject\mge_v18_student_version\_vs2015\debug_dynamic_build\mge.tlog\link.command.1.tlog
c:\mycourses\2ndyear\3rdpersonproject\mge_v18_student_version\_vs2015\debug_dynamic_build\mge.tlog\link.read.1.tlog
c:\mycourses\2ndyear\3rdpersonproject\mge_v18_student_version\_vs2015\debug_dynamic_build\mge.tlog\link.write.1.tlog
=======
d:\stack\saxion\q2.3\thirdperson\projectgit\mge_v18_student_version\_vs2015\debug_dynamic_build\userinterface.obj
d:\stack\saxion\q2.3\thirdperson\projectgit\mge_v18_student_version\_vs2015\debug_dynamic_exe\mge.exe
d:\stack\saxion\q2.3\thirdperson\projectgit\mge_v18_student_version\_vs2015\debug_dynamic_exe\mge.ilk
d:\stack\saxion\q2.3\thirdperson\projectgit\mge_v18_student_version\_vs2015\debug_dynamic_exe\mge.pdb
d:\projectthirdperson\mge_v18_student_version\_vs2015\debug_dynamic_build\abstractbehaviour.obj
d:\projectthirdperson\mge_v18_student_version\_vs2015\debug_dynamic_build\abstractgame.obj
d:\projectthirdperson\mge_v18_student_version\_vs2015\debug_dynamic_build\abstractmaterial.obj
d:\projectthirdperson\mge_v18_student_version\_vs2015\debug_dynamic_build\audio.obj
d:\projectthirdperson\mge_v18_student_version\_vs2015\debug_dynamic_build\backtomainbutton.obj
d:\projectthirdperson\mge_v18_student_version\_vs2015\debug_dynamic_build\camera.obj
d:\projectthirdperson\mge_v18_student_version\_vs2015\debug_dynamic_build\colormaterial.obj
d:\projectthirdperson\mge_v18_student_version\_vs2015\debug_dynamic_build\continuebutton.obj
d:\projectthirdperson\mge_v18_student_version\_vs2015\debug_dynamic_build\debughud.obj
d:\projectthirdperson\mge_v18_student_version\_vs2015\debug_dynamic_build\gameobject.obj
d:\projectthirdperson\mge_v18_student_version\_vs2015\debug_dynamic_build\keysbehaviour.obj
d:\projectthirdperson\mge_v18_student_version\_vs2015\debug_dynamic_build\levelselectbutton.obj
d:\projectthirdperson\mge_v18_student_version\_vs2015\debug_dynamic_build\light.obj
d:\projectthirdperson\mge_v18_student_version\_vs2015\debug_dynamic_build\litmaterial.obj
d:\projectthirdperson\mge_v18_student_version\_vs2015\debug_dynamic_build\littexturematerial.obj
d:\projectthirdperson\mge_v18_student_version\_vs2015\debug_dynamic_build\loadlevelbutton.obj
d:\projectthirdperson\mge_v18_student_version\_vs2015\debug_dynamic_build\main.obj
d:\projectthirdperson\mge_v18_student_version\_vs2015\debug_dynamic_build\menubutton.obj
d:\projectthirdperson\mge_v18_student_version\_vs2015\debug_dynamic_build\mesh.obj
d:\projectthirdperson\mge_v18_student_version\_vs2015\debug_dynamic_build\mouserotatingbehaviour.obj
d:\projectthirdperson\mge_v18_student_version\_vs2015\debug_dynamic_build\newgamebutton.obj
d:\projectthirdperson\mge_v18_student_version\_vs2015\debug_dynamic_build\nextlevelbutton.obj
d:\projectthirdperson\mge_v18_student_version\_vs2015\debug_dynamic_build\puzzle.obj
d:\projectthirdperson\mge_v18_student_version\_vs2015\debug_dynamic_build\quitgamebutton.obj
d:\projectthirdperson\mge_v18_student_version\_vs2015\debug_dynamic_build\ray.obj
d:\projectthirdperson\mge_v18_student_version\_vs2015\debug_dynamic_build\renderer.obj
d:\projectthirdperson\mge_v18_student_version\_vs2015\debug_dynamic_build\rendertotexture.obj
d:\projectthirdperson\mge_v18_student_version\_vs2015\debug_dynamic_build\rendertotexturematerial.obj
d:\projectthirdperson\mge_v18_student_version\_vs2015\debug_dynamic_build\restartgamebutton.obj
d:\projectthirdperson\mge_v18_student_version\_vs2015\debug_dynamic_build\resumegamebutton.obj
d:\projectthirdperson\mge_v18_student_version\_vs2015\debug_dynamic_build\returntomenubutton.obj
d:\projectthirdperson\mge_v18_student_version\_vs2015\debug_dynamic_build\room.obj
d:\projectthirdperson\mge_v18_student_version\_vs2015\debug_dynamic_build\rotatingbehaviour.obj
d:\projectthirdperson\mge_v18_student_version\_vs2015\debug_dynamic_build\shaderprogram.obj
d:\projectthirdperson\mge_v18_student_version\_vs2015\debug_dynamic_build\texture.obj
d:\projectthirdperson\mge_v18_student_version\_vs2015\debug_dynamic_build\texturematerial.obj
d:\projectthirdperson\mge_v18_student_version\_vs2015\debug_dynamic_build\timer.obj
d:\projectthirdperson\mge_v18_student_version\_vs2015\debug_dynamic_build\tperson.obj
d:\projectthirdperson\mge_v18_student_version\_vs2015\debug_dynamic_build\uitexture.obj
d:\projectthirdperson\mge_v18_student_version\_vs2015\debug_dynamic_build\userinterface.obj
d:\projectthirdperson\mge_v18_student_version\_vs2015\debug_dynamic_build\world.obj
d:\projectthirdperson\mge_v18_student_version\_vs2015\debug_dynamic_build\vc141.idb
d:\projectthirdperson\mge_v18_student_version\_vs2015\debug_dynamic_build\vc141.pdb
d:\projectthirdperson\mge_v18_student_version\_vs2015\debug_dynamic_exe/mge.exe
d:\projectthirdperson\mge_v18_student_version\_vs2015\debug_dynamic_build\mge.tlog\cl.command.1.tlog
d:\projectthirdperson\mge_v18_student_version\_vs2015\debug_dynamic_build\mge.tlog\cl.read.1.tlog
d:\projectthirdperson\mge_v18_student_version\_vs2015\debug_dynamic_build\mge.tlog\cl.write.1.tlog
d:\projectthirdperson\mge_v18_student_version\_vs2015\debug_dynamic_build\mge.tlog\link.command.1.tlog
d:\projectthirdperson\mge_v18_student_version\_vs2015\debug_dynamic_build\mge.tlog\link.read.1.tlog
d:\projectthirdperson\mge_v18_student_version\_vs2015\debug_dynamic_build\mge.tlog\link.write.1.tlog
>>>>>>> 2b29a0bb2ffc9d46f468860454f967a9cd6e67e3
